<?xml version="1.0" encoding="UTF-8"?>
<!-- Generated by org.testng.reporters.JUnitXMLReporter -->
<testsuite hostname="DESKTOP-812TJVQ" ignored="4" name="Default test" tests="1" failures="0" timestamp="2019-09-30T22:11:25 CDT" time="46.59" errors="0">
  <testcase name="fifthTestCase" time="46.548" classname="basePakage.TestCaseClass"/>
  <testcase name="firstTestCase" time="0.0" classname="basePakage.TestCaseClass">
    <ignored/>
  </testcase> <!-- firstTestCase -->
  <testcase name="secondTestCase" time="0.0" classname="basePakage.TestCaseClass">
    <ignored/>
  </testcase> <!-- secondTestCase -->
  <testcase name="ThirdTestCase" time="0.0" classname="basePakage.TestCaseClass">
    <ignored/>
  </testcase> <!-- ThirdTestCase -->
  <testcase name="fourthTestCase" time="0.0" classname="basePakage.TestCaseClass">
    <ignored/>
  </testcase> <!-- fourthTestCase -->
</testsuite> <!-- Default test -->
