<?xml version="1.0" encoding="UTF-8"?>
<testng-results skipped="0" failed="0" ignored="4" total="5" passed="1">
  <reporter-output>
  </reporter-output>
  <suite name="Default suite" duration-ms="46590" started-at="2019-09-30T22:10:38 CDT" finished-at="2019-09-30T22:11:25 CDT">
    <groups>
    </groups>
    <test name="Default test" duration-ms="46590" started-at="2019-09-30T22:10:38 CDT" finished-at="2019-09-30T22:11:25 CDT">
      <class name="basePakage.TestCaseClass">
        <test-method status="PASS" signature="fifthTestCase()[pri:0, instance:basePakage.TestCaseClass@394e1a0f]" name="fifthTestCase" duration-ms="46548" started-at="2019-09-30T22:10:39 CDT" finished-at="2019-09-30T22:11:25 CDT">
          <reporter-output>
          </reporter-output>
        </test-method> <!-- fifthTestCase -->
      </class> <!-- basePakage.TestCaseClass -->
    </test> <!-- Default test -->
  </suite> <!-- Default suite -->
</testng-results>
