<?xml version="1.0" encoding="UTF-8"?>
<!-- Generated by org.testng.reporters.JUnitXMLReporter -->
<testsuite hostname="DESKTOP-812TJVQ" ignored="4" name="Test" tests="1" failures="0" timestamp="2019-09-30T16:13:59 CDT" time="54.278" errors="0">
  <testcase name="fifthTestCase" time="54.211" classname="basePakage.TestCaseClass"/>
  <testcase name="firstTestCase" time="0.0" classname="basePakage.TestCaseClass">
    <ignored/>
  </testcase> <!-- firstTestCase -->
  <testcase name="secondTestCase" time="0.0" classname="basePakage.TestCaseClass">
    <ignored/>
  </testcase> <!-- secondTestCase -->
  <testcase name="ThirdTestCase" time="0.0" classname="basePakage.TestCaseClass">
    <ignored/>
  </testcase> <!-- ThirdTestCase -->
  <testcase name="fourthTestCase" time="0.0" classname="basePakage.TestCaseClass">
    <ignored/>
  </testcase> <!-- fourthTestCase -->
</testsuite> <!-- Test -->
